SQL: 
        INSERT INTO purchaseorder.pur_creditnotehd
        (
            poinvid,
            empid,
            vatgroupid,
            brchid,
            vendorid,
            apid,
            vendorname,
            docudate,
            docuno,
            invno,
            invdate,
            exchrate,
            docutype,
            vatrate,
            vattype,
            endcrdtdate,
            crdtdays,
            multicurr,
            docustatus,
            remark_id,
            remark,
            sumgoodamnt,
            netamnt,
            billaftrdiscamnt,
            totabaseamnt,
            currentinvamnt,
            vatamnt,
            effect_stock,
            pono,
            lastinvamnt,
            sumincludeamnt,
            sumexcludeamnt,
            billdiscamnt,
            basediscamnt,
            advnamnt,
            aftradvnamnt,
            totaexcludeamnt,
            remaamnt,
            lastrevexchrate,
            jobid,
            resvamnt1,
            excurrencycode
        )
        VALUES
        (?,?,?,?,?,?,?,?,?,?,?,?,?,?,?,?,?,?,?,?,?,?,?,?,?,?,?,?,?,?,?,?,?,?,?,?,?,?,?,?,?,?,?)
    
Values: 197359, 10004, 0, 10, 1301, 1301, NGL Lighting Co.,Ltd, 2024-08-28 11:58:41, CNMLM1240828-0001, EXCMLM1240630-0002, 2024-06-30 16:32:23, 1, 310, 5, 2, 2024-08-31, 3, N, Y, 10, မီးမလင်းပါသဖြင့် / ZAW MIN.09-5131160
6G/4249, 7722, 7722, 7354.2857142857, 7354.2857142857, -7354.2857142857, 367.71428571429, true, test, 0, 7722, 0, 0, 0, 0, 7354.2857142857, 7354.2857142857, 7722, 1, 0, MMK
SQL: 
        INSERT INTO purchaseorder.pur_creditnotehd
        (
            poinvid,
            empid,
            vatgroupid,
            brchid,
            vendorid,
            apid,
            vendorname,
            docudate,
            docuno,
            invno,
            invdate,
            exchrate,
            docutype,
            vatrate,
            vattype,
            endcrdtdate,
            crdtdays,
            multicurr,
            docustatus,
            remark_id,
            remark,
            sumgoodamnt,
            netamnt,
            billaftrdiscamnt,
            totabaseamnt,
            currentinvamnt,
            vatamnt,
            effect_stock,
            pono,
            lastinvamnt,
            sumincludeamnt,
            sumexcludeamnt,
            billdiscamnt,
            basediscamnt,
            advnamnt,
            aftradvnamnt,
            totaexcludeamnt,
            remaamnt,
            lastrevexchrate,
            jobid,
            resvamnt1,
            excurrencycode
        )
        VALUES
        (?,?,?,?,?,?,?,?,?,?,?,?,?,?,?,?,?,?,?,?,?,?,?,?,?,?,?,?,?,?,?,?,?,?,?,?,?,?,?,?,?,?,?)
    
Values: 197359, 10004, 0, 10, 1301, 1301, NGL Lighting Co.,Ltd, 2024-08-28 11:59:43, CNMLM1240828-0001, EXCMLM1240630-0002, 2024-06-30 16:32:23, 1, 310, 5, 2, 2024-08-31, 3, N, Y, 10, မီးမလင်းပါသဖြင့် / ZAW MIN.09-5131160
6G/4249, 7722, 7722, 7354.2857142857, 7354.2857142857, -7354.2857142857, 367.71428571429, true, test, 0, 7722, 0, 0, 0, 0, 7354.2857142857, 7354.2857142857, 7722, 1, 0, MMK
